Time resolution is 1 ps
Condition xxx, branch x, A = xxxxxxxxxxxxxxxxxxxxxxxxxxxxxxxx
data mem[          0] =          0 at                    0
ins mem[          0] =   67174410 at                    0
IR = xxxxxxxxxxxxxxxxxxxxxxxxxxxxxxxx at time                    0
MemWr = 0 at time                    0
MemWr = x at time                    5
IR = 00000100000000010000000000001010 at time                   10
Condition 000, branch 0, A = xxxxxxxxxxxxxxxxxxxxxxxxxxxxxxxx
MemWr = 0 at time                   10
Condition 000, branch 0, A = 00000000000000000000000000000000
IR = 01001100000000010000000000000000 at time                   80
MemWr = 1 at time                  105
data mem[          0] =         10 at                  110
MemWr = 0 at time                  125
IR = 00000100000000100000000000010100 at time                  140
IR = 00000000001000100001100000000001 at time                  200
Condition 000, branch 0, A = 00000000000000000000000000001010
IR = 00000000010000010010000000000010 at time                  260
Condition 000, branch 0, A = 00000000000000000000000000010100
IR = 00000000011001000010000000001001 at time                  320
Condition 000, branch 0, A = 00000000000000000000000000011110
IR = 01001000000000110000000000000000 at time                  380
Condition 000, branch 0, A = 00000000000000000000000000000000
IR = 00000000001000110000100000000001 at time                  440
Condition 000, branch 0, A = 00000000000000000000000000001010
IR = 01001100000000010000000000000001 at time                  500
Condition 000, branch 0, A = 00000000000000000000000000000000
MemWr = 1 at time                  525
MemWr = 0 at time                  545
IR = 11001000101000000000000000000011 at time                  560
Condition 010, branch 0, A = 00000000000000000000000000000000
IR = 01000100001001100000000000000000 at time                  620
Condition 000, branch 0, A = 00000000000000000000000000000000
Condition 000, branch 0, A = 00000000000000000000000000010100
IR = 11010000000000000000000000000010 at time                  680
Condition 100, branch 1, A = 00000000000000000000000000010100
Condition 100, branch 1, A = 00000000000000000000000000000000
IR = 01110000001000110011100000000000 at time                  740
Condition 000, branch 0, A = 00000000000000000000000000000000
Condition 000, branch 0, A = 00000000000000000000000000010100
IR = 01111100000000000000000000000000 at time                  800
Condition 000, branch 0, A = 00000000000000000000000000000000
$finish called at time : 902 ns : File "D:/Third Year/COA Lab/COA Final Shit/risc_parth/risc_parth.srcs/sim_1/new/processor_top_tb.v" Line 33
