#-----------------------------------------------------------
# Vivado v2022.2 (64-bit)
# SW Build 3671981 on Fri Oct 14 05:00:03 MDT 2022
# IP Build 3669848 on Fri Oct 14 08:30:02 MDT 2022
# Start of session at: Wed Oct 30 00:45:47 2024
# Process ID: 22332
# Current directory: D:/Third Year/COA Lab/COA Final Shit/risc_parth
# Command line: vivado.exe -gui_launcher_event rodinguilauncherevent19896 D:\Third Year\COA Lab\COA Final Shit\risc_parth\risc_parth.xpr
# Log file: D:/Third Year/COA Lab/COA Final Shit/risc_parth/vivado.log
# Journal file: D:/Third Year/COA Lab/COA Final Shit/risc_parth\vivado.jou
# Running On: Omkar, OS: Windows, CPU Frequency: 2496 MHz, CPU Physical cores: 12, Host memory: 16785 MB
#-----------------------------------------------------------
start_gui
open_project {D:/Third Year/COA Lab/COA Final Shit/risc_parth/risc_parth.xpr}
WARNING: [Board 49-26] cannot add Board Part xilinx.com:kc705:part0:1.6 available at D:/Xilinx/Vivado/2022.2/data/xhub/boards/XilinxBoardStore/boards/Xilinx/kc705/1.6/board.xml as part xc7k325tffg900-2 specified in board_part file is either invalid or not available
WARNING: [Board 49-26] cannot add Board Part xilinx.com:kcu105:part0:1.6 available at D:/Xilinx/Vivado/2022.2/data/xhub/boards/XilinxBoardStore/boards/Xilinx/kcu105/1.6/board.xml as part xcku040-ffva1156-2-e specified in board_part file is either invalid or not available
WARNING: [Board 49-26] cannot add Board Part xilinx.com:kcu105:part0:1.7 available at D:/Xilinx/Vivado/2022.2/data/xhub/boards/XilinxBoardStore/boards/Xilinx/kcu105/1.7/board.xml as part xcku040-ffva1156-2-e specified in board_part file is either invalid or not available
WARNING: [Board 49-26] cannot add Board Part xilinx.com:kcu116:part0:1.4 available at D:/Xilinx/Vivado/2022.2/data/xhub/boards/XilinxBoardStore/boards/Xilinx/kcu116/1.4/board.xml as part xcku5p-ffvb676-2-e specified in board_part file is either invalid or not available
WARNING: [Board 49-26] cannot add Board Part xilinx.com:kcu116:part0:1.5 available at D:/Xilinx/Vivado/2022.2/data/xhub/boards/XilinxBoardStore/boards/Xilinx/kcu116/1.5/board.xml as part xcku5p-ffvb676-2-e specified in board_part file is either invalid or not available
WARNING: [Board 49-26] cannot add Board Part xilinx.com:kcu1500:part0:1.2 available at D:/Xilinx/Vivado/2022.2/data/xhub/boards/XilinxBoardStore/boards/Xilinx/kcu1500/1.2/board.xml as part xcku115-flvb2104-2-e specified in board_part file is either invalid or not available
WARNING: [Board 49-26] cannot add Board Part xilinx.com:sp701:part0:1.0 available at D:/Xilinx/Vivado/2022.2/data/xhub/boards/XilinxBoardStore/boards/Xilinx/sp701/1.0/board.xml as part xc7s100fgga676-2 specified in board_part file is either invalid or not available
WARNING: [Board 49-26] cannot add Board Part xilinx.com:sp701:part0:1.1 available at D:/Xilinx/Vivado/2022.2/data/xhub/boards/XilinxBoardStore/boards/Xilinx/sp701/1.1/board.xml as part xc7s100fgga676-2 specified in board_part file is either invalid or not available
WARNING: [Board 49-26] cannot add Board Part xilinx.com:vc707:part0:1.4 available at D:/Xilinx/Vivado/2022.2/data/xhub/boards/XilinxBoardStore/boards/Xilinx/vc707/1.4/board.xml as part xc7vx485tffg1761-2 specified in board_part file is either invalid or not available
WARNING: [Board 49-26] cannot add Board Part xilinx.com:vc709:part0:1.8 available at D:/Xilinx/Vivado/2022.2/data/xhub/boards/XilinxBoardStore/boards/Xilinx/vc709/1.8/board.xml as part xc7vx690tffg1761-2 specified in board_part file is either invalid or not available
WARNING: [Board 49-26] cannot add Board Part xilinx.com:vck190:part0:2.2 available at D:/Xilinx/Vivado/2022.2/data/xhub/boards/XilinxBoardStore/boards/Xilinx/vck190/production/2.2/board.xml as part xcvc1902-vsva2197-2mp-e-s specified in board_part file is either invalid or not available
WARNING: [Board 49-26] cannot add Board Part xilinx.com:vck190:part0:3.0 available at D:/Xilinx/Vivado/2022.2/data/xhub/boards/XilinxBoardStore/boards/Xilinx/vck190/production/3.0/board.xml as part xcvc1902-vsva2197-2mp-e-s specified in board_part file is either invalid or not available
WARNING: [Board 49-26] cannot add Board Part xilinx.com:vck190:part0:3.1 available at D:/Xilinx/Vivado/2022.2/data/xhub/boards/XilinxBoardStore/boards/Xilinx/vck190/production/3.1/board.xml as part xcvc1902-vsva2197-2mp-e-s specified in board_part file is either invalid or not available
WARNING: [Board 49-26] cannot add Board Part xilinx.com:vck190_newl:part0:1.0 available at D:/Xilinx/Vivado/2022.2/data/xhub/boards/XilinxBoardStore/boards/Xilinx/vck190_newl/production/1.0/board.xml as part xcvc1902-vsva2197-2mp-e-s specified in board_part file is either invalid or not available
WARNING: [Board 49-26] cannot add Board Part xilinx.com:vcu108:part0:1.6 available at D:/Xilinx/Vivado/2022.2/data/xhub/boards/XilinxBoardStore/boards/Xilinx/vcu108/1.6/board.xml as part xcvu095-ffva2104-2-e specified in board_part file is either invalid or not available
WARNING: [Board 49-26] cannot add Board Part xilinx.com:vcu108:part0:1.7 available at D:/Xilinx/Vivado/2022.2/data/xhub/boards/XilinxBoardStore/boards/Xilinx/vcu108/1.7/board.xml as part xcvu095-ffva2104-2-e specified in board_part file is either invalid or not available
WARNING: [Board 49-26] cannot add Board Part xilinx.com:vcu110:part0:1.4 available at D:/Xilinx/Vivado/2022.2/data/xhub/boards/XilinxBoardStore/boards/Xilinx/vcu110/1.4/board.xml as part xcvu190-flgc2104-2-e specified in board_part file is either invalid or not available
WARNING: [Board 49-26] cannot add Board Part xilinx.com:vcu118:part0:2.0 available at D:/Xilinx/Vivado/2022.2/data/xhub/boards/XilinxBoardStore/boards/Xilinx/vcu118/2.0/board.xml as part xcvu9p-flga2104-2l-e specified in board_part file is either invalid or not available
WARNING: [Board 49-26] cannot add Board Part xilinx.com:vcu118:part0:2.3 available at D:/Xilinx/Vivado/2022.2/data/xhub/boards/XilinxBoardStore/boards/Xilinx/vcu118/2.3/board.xml as part xcvu9p-flga2104-2l-e specified in board_part file is either invalid or not available
WARNING: [Board 49-26] cannot add Board Part xilinx.com:vcu118:part0:2.4 available at D:/Xilinx/Vivado/2022.2/data/xhub/boards/XilinxBoardStore/boards/Xilinx/vcu118/2.4/board.xml as part xcvu9p-flga2104-2l-e specified in board_part file is either invalid or not available
WARNING: [Board 49-26] cannot add Board Part xilinx.com:vcu128:part0:1.0 available at D:/Xilinx/Vivado/2022.2/data/xhub/boards/XilinxBoardStore/boards/Xilinx/vcu128/production/1.0/board.xml as part xcvu37p-fsvh2892-2l-e specified in board_part file is either invalid or not available
WARNING: [Board 49-26] cannot add Board Part xilinx.com:vcu129:part0:1.0 available at D:/Xilinx/Vivado/2022.2/data/xhub/boards/XilinxBoardStore/boards/Xilinx/vcu129/production/1.0/board.xml as part xcvu29p-fsga2577-2l-e specified in board_part file is either invalid or not available
WARNING: [Board 49-26] cannot add Board Part xilinx.com:vcu1525:part0:1.3 available at D:/Xilinx/Vivado/2022.2/data/xhub/boards/XilinxBoardStore/boards/Xilinx/vcu1525/1.3/board.xml as part xcvu9p-fsgd2104-2l-e specified in board_part file is either invalid or not available
WARNING: [Board 49-26] cannot add Board Part xilinx.com:vek280_es:part0:1.0 available at D:/Xilinx/Vivado/2022.2/data/xhub/boards/XilinxBoardStore/boards/Xilinx/vek280/es/1.0/board.xml as part xcve2802-vsvh1760-2lp-e-s-es1 specified in board_part file is either invalid or not available
WARNING: [Board 49-26] cannot add Board Part xilinx.com:vermeo_t1_mpsoc:part0:1.0 available at D:/Xilinx/Vivado/2022.2/data/xhub/boards/XilinxBoardStore/boards/Xilinx/vermeo_t1_mpsoc/1.0/board.xml as part xczu19eg-ffvd1760-2l-e specified in board_part file is either invalid or not available
WARNING: [Board 49-26] cannot add Board Part xilinx.com:vermeo_t1_rfsoc:part0:1.0 available at D:/Xilinx/Vivado/2022.2/data/xhub/boards/XilinxBoardStore/boards/Xilinx/vermeo_t1_rfsoc/1.0/board.xml as part xczu21dr-ffvd1156-2l-e specified in board_part file is either invalid or not available
WARNING: [Board 49-26] cannot add Board Part xilinx.com:vhk158_es:part0:1.0 available at D:/Xilinx/Vivado/2022.2/data/xhub/boards/XilinxBoardStore/boards/Xilinx/vhk158/es/1.0/board.xml as part xcvh1582-vsva3697-2mp-e-s-es1 specified in board_part file is either invalid or not available
WARNING: [Board 49-26] cannot add Board Part xilinx.com:vmk180:part0:2.2 available at D:/Xilinx/Vivado/2022.2/data/xhub/boards/XilinxBoardStore/boards/Xilinx/vmk180/production/2.2/board.xml as part xcvm1802-vsva2197-2mp-e-s specified in board_part file is either invalid or not available
WARNING: [Board 49-26] cannot add Board Part xilinx.com:vmk180:part0:3.0 available at D:/Xilinx/Vivado/2022.2/data/xhub/boards/XilinxBoardStore/boards/Xilinx/vmk180/production/3.0/board.xml as part xcvm1802-vsva2197-2mp-e-s specified in board_part file is either invalid or not available
WARNING: [Board 49-26] cannot add Board Part xilinx.com:vmk180:part0:3.1 available at D:/Xilinx/Vivado/2022.2/data/xhub/boards/XilinxBoardStore/boards/Xilinx/vmk180/production/3.1/board.xml as part xcvm1802-vsva2197-2mp-e-s specified in board_part file is either invalid or not available
WARNING: [Board 49-26] cannot add Board Part xilinx.com:vmk180_newl:part0:1.0 available at D:/Xilinx/Vivado/2022.2/data/xhub/boards/XilinxBoardStore/boards/Xilinx/vmk180_newl/production/1.0/board.xml as part xcvm1802-vsva2197-2mp-e-s specified in board_part file is either invalid or not available
WARNING: [Board 49-26] cannot add Board Part xilinx.com:vpk120:part0:1.0 available at D:/Xilinx/Vivado/2022.2/data/xhub/boards/XilinxBoardStore/boards/Xilinx/vpk120/production/1.0/board.xml as part xcvp1202-vsva2785-2mp-e-s specified in board_part file is either invalid or not available
WARNING: [Board 49-26] cannot add Board Part xilinx.com:vpk120_es:part0:1.2 available at D:/Xilinx/Vivado/2022.2/data/xhub/boards/XilinxBoardStore/boards/Xilinx/vpk120/es/1.2/board.xml as part xcvp1202-vsva2785-2mp-e-s-es1 specified in board_part file is either invalid or not available
WARNING: [Board 49-26] cannot add Board Part xilinx.com:vpk120_es_revb:part0:1.0 available at D:/Xilinx/Vivado/2022.2/data/xhub/boards/XilinxBoardStore/boards/Xilinx/vpk120_revb/es/1.0/board.xml as part xcvp1202-vsva2785-2mp-e-s-es1 specified in board_part file is either invalid or not available
WARNING: [Board 49-26] cannot add Board Part xilinx.com:vpk180_es:part0:1.0 available at D:/Xilinx/Vivado/2022.2/data/xhub/boards/XilinxBoardStore/boards/Xilinx/vpk180/es/1.0/board.xml as part xcvp1802-lsvc4072-2mp-e-s-es1 specified in board_part file is either invalid or not available
WARNING: [Board 49-26] cannot add Board Part xilinx.com:zc702:part0:1.4 available at D:/Xilinx/Vivado/2022.2/data/xhub/boards/XilinxBoardStore/boards/Xilinx/zc702/1.4/board.xml as part xc7z020clg484-1 specified in board_part file is either invalid or not available
WARNING: [Board 49-26] cannot add Board Part xilinx.com:zc706:part0:1.4 available at D:/Xilinx/Vivado/2022.2/data/xhub/boards/XilinxBoardStore/boards/Xilinx/zc706/1.4/board.xml as part xc7z045ffg900-2 specified in board_part file is either invalid or not available
WARNING: [Board 49-26] cannot add Board Part xilinx.com:zcu102:part0:3.3 available at D:/Xilinx/Vivado/2022.2/data/xhub/boards/XilinxBoardStore/boards/Xilinx/zcu102/3.3/board.xml as part xczu9eg-ffvb1156-2-e specified in board_part file is either invalid or not available
WARNING: [Board 49-26] cannot add Board Part xilinx.com:zcu102:part0:3.4 available at D:/Xilinx/Vivado/2022.2/data/xhub/boards/XilinxBoardStore/boards/Xilinx/zcu102/3.4/board.xml as part xczu9eg-ffvb1156-2-e specified in board_part file is either invalid or not available
WARNING: [Board 49-26] cannot add Board Part xilinx.com:zcu104:part0:1.1 available at D:/Xilinx/Vivado/2022.2/data/xhub/boards/XilinxBoardStore/boards/Xilinx/zcu104/1.1/board.xml as part xczu7ev-ffvc1156-2-e specified in board_part file is either invalid or not available
WARNING: [Board 49-26] cannot add Board Part xilinx.com:zcu106:part0:2.4 available at D:/Xilinx/Vivado/2022.2/data/xhub/boards/XilinxBoardStore/boards/Xilinx/zcu106/2.4/board.xml as part xczu7ev-ffvc1156-2-e specified in board_part file is either invalid or not available
WARNING: [Board 49-26] cannot add Board Part xilinx.com:zcu106:part0:2.5 available at D:/Xilinx/Vivado/2022.2/data/xhub/boards/XilinxBoardStore/boards/Xilinx/zcu106/2.5/board.xml as part xczu7ev-ffvc1156-2-e specified in board_part file is either invalid or not available
WARNING: [Board 49-26] cannot add Board Part xilinx.com:zcu106:part0:2.6 available at D:/Xilinx/Vivado/2022.2/data/xhub/boards/XilinxBoardStore/boards/Xilinx/zcu106/2.6/board.xml as part xczu7ev-ffvc1156-2-e specified in board_part file is either invalid or not available
WARNING: [Board 49-26] cannot add Board Part xilinx.com:zcu111:part0:1.2 available at D:/Xilinx/Vivado/2022.2/data/xhub/boards/XilinxBoardStore/boards/Xilinx/zcu111/1.2/board.xml as part xczu28dr-ffvg1517-2-e specified in board_part file is either invalid or not available
WARNING: [Board 49-26] cannot add Board Part xilinx.com:zcu111:part0:1.3 available at D:/Xilinx/Vivado/2022.2/data/xhub/boards/XilinxBoardStore/boards/Xilinx/zcu111/1.3/board.xml as part xczu28dr-ffvg1517-2-e specified in board_part file is either invalid or not available
WARNING: [Board 49-26] cannot add Board Part xilinx.com:zcu111:part0:1.4 available at D:/Xilinx/Vivado/2022.2/data/xhub/boards/XilinxBoardStore/boards/Xilinx/zcu111/1.4/board.xml as part xczu28dr-ffvg1517-2-e specified in board_part file is either invalid or not available
WARNING: [Board 49-26] cannot add Board Part xilinx.com:zcu1275:part0:1.0 available at D:/Xilinx/Vivado/2022.2/data/xhub/boards/XilinxBoardStore/boards/Xilinx/zcu1275/1.0/board.xml as part xczu29dr-ffvf1760-2-e specified in board_part file is either invalid or not available
WARNING: [Board 49-26] cannot add Board Part xilinx.com:zcu1285:part0:1.0 available at D:/Xilinx/Vivado/2022.2/data/xhub/boards/XilinxBoardStore/boards/Xilinx/zcu1285/1.0/board.xml as part xczu39dr-ffvf1760-2-i specified in board_part file is either invalid or not available
WARNING: [Board 49-26] cannot add Board Part xilinx.com:zcu208:part0:2.0 available at D:/Xilinx/Vivado/2022.2/data/xhub/boards/XilinxBoardStore/boards/Xilinx/zcu208/production/2.0/board.xml as part xczu48dr-fsvg1517-2-e specified in board_part file is either invalid or not available
WARNING: [Board 49-26] cannot add Board Part xilinx.com:zcu208ld:part0:2.0 available at D:/Xilinx/Vivado/2022.2/data/xhub/boards/XilinxBoardStore/boards/Xilinx/zcu208ld/production/2.0/board.xml as part xczu58dr-fsvg1517-2-i specified in board_part file is either invalid or not available
WARNING: [Board 49-26] cannot add Board Part xilinx.com:zcu216:part0:2.0 available at D:/Xilinx/Vivado/2022.2/data/xhub/boards/XilinxBoardStore/boards/Xilinx/zcu216/production/2.0/board.xml as part xczu49dr-ffvf1760-2-e specified in board_part file is either invalid or not available
WARNING: [Board 49-26] cannot add Board Part xilinx.com:zcu216ld:part0:2.0 available at D:/Xilinx/Vivado/2022.2/data/xhub/boards/XilinxBoardStore/boards/Xilinx/zcu216ld/production/2.0/board.xml as part xczu59dr-ffvf1760-2-i specified in board_part file is either invalid or not available
WARNING: [Board 49-26] cannot add Board Part xilinx.com:zcu670:part0:2.0 available at D:/Xilinx/Vivado/2022.2/data/xhub/boards/XilinxBoardStore/boards/Xilinx/zcu670/2.0/board.xml as part xczu67dr-fsve1156-2-i specified in board_part file is either invalid or not available
WARNING: [Board 49-26] cannot add Board Part xilinx.com:zcu670ld:part0:1.0 available at D:/Xilinx/Vivado/2022.2/data/xhub/boards/XilinxBoardStore/boards/Xilinx/zcu670ld/1.0/board.xml as part xczu57dr-fsve1156-2-i specified in board_part file is either invalid or not available
CRITICAL WARNING: [Project 1-19] Could not find the file 'C:/Users/ASUS/OneDrive/Desktop/temp_parth/CS39001-COA-Lab-2024-final_proj/CS39001-COA-Lab-2024-final_proj/final_project/ALU/adder_N.v'.
CRITICAL WARNING: [Project 1-19] Could not find the file 'C:/Users/ASUS/OneDrive/Desktop/temp_parth/CS39001-COA-Lab-2024-final_proj/CS39001-COA-Lab-2024-final_proj/final_project/alu_top.v'.
CRITICAL WARNING: [Project 1-19] Could not find the file 'C:/Users/ASUS/OneDrive/Desktop/temp_parth/CS39001-COA-Lab-2024-final_proj/CS39001-COA-Lab-2024-final_proj/final_project/ALU/and_n.v'.
CRITICAL WARNING: [Project 1-19] Could not find the file 'C:/Users/ASUS/OneDrive/Desktop/temp_parth/CS39001-COA-Lab-2024-final_proj/CS39001-COA-Lab-2024-final_proj/final_project/cond_branch.v'.
CRITICAL WARNING: [Project 1-19] Could not find the file 'C:/Users/ASUS/OneDrive/Desktop/temp_parth/CS39001-COA-Lab-2024-final_proj/CS39001-COA-Lab-2024-final_proj/final_project/control.v'.
CRITICAL WARNING: [Project 1-19] Could not find the file 'C:/Users/ASUS/OneDrive/Desktop/temp_parth/CS39001-COA-Lab-2024-final_proj/CS39001-COA-Lab-2024-final_proj/final_project/data_mem.v'.
CRITICAL WARNING: [Project 1-19] Could not find the file 'C:/Users/ASUS/OneDrive/Desktop/temp_parth/CS39001-COA-Lab-2024-final_proj/CS39001-COA-Lab-2024-final_proj/final_project/ALU/full_adder.v'.
CRITICAL WARNING: [Project 1-19] Could not find the file 'C:/Users/ASUS/OneDrive/Desktop/temp_parth/CS39001-COA-Lab-2024-final_proj/CS39001-COA-Lab-2024-final_proj/final_project/ALU/full_subr.v'.
CRITICAL WARNING: [Project 1-19] Could not find the file 'C:/Users/ASUS/OneDrive/Desktop/temp_parth/CS39001-COA-Lab-2024-final_proj/CS39001-COA-Lab-2024-final_proj/final_project/ALU/half_adder.v'.
CRITICAL WARNING: [Project 1-19] Could not find the file 'C:/Users/ASUS/OneDrive/Desktop/temp_parth/CS39001-COA-Lab-2024-final_proj/CS39001-COA-Lab-2024-final_proj/final_project/ALU/hamming32.v'.
CRITICAL WARNING: [Project 1-19] Could not find the file 'C:/Users/ASUS/OneDrive/Desktop/temp_parth/CS39001-COA-Lab-2024-final_proj/CS39001-COA-Lab-2024-final_proj/final_project/instruction_mem.v'.
CRITICAL WARNING: [Project 1-19] Could not find the file 'C:/Users/ASUS/OneDrive/Desktop/temp_parth/CS39001-COA-Lab-2024-final_proj/CS39001-COA-Lab-2024-final_proj/final_project/ALU/lui_n.v'.
CRITICAL WARNING: [Project 1-19] Could not find the file 'C:/Users/ASUS/OneDrive/Desktop/temp_parth/CS39001-COA-Lab-2024-final_proj/CS39001-COA-Lab-2024-final_proj/final_project/ALU/mux_16_1.v'.
CRITICAL WARNING: [Project 1-19] Could not find the file 'C:/Users/ASUS/OneDrive/Desktop/temp_parth/CS39001-COA-Lab-2024-final_proj/CS39001-COA-Lab-2024-final_proj/final_project/ALU/mux_2_1.v'.
CRITICAL WARNING: [Project 1-19] Could not find the file 'C:/Users/ASUS/OneDrive/Desktop/temp_parth/CS39001-COA-Lab-2024-final_proj/CS39001-COA-Lab-2024-final_proj/final_project/ALU/mux_4_1.v'.
CRITICAL WARNING: [Project 1-19] Could not find the file 'C:/Users/ASUS/OneDrive/Desktop/temp_parth/CS39001-COA-Lab-2024-final_proj/CS39001-COA-Lab-2024-final_proj/final_project/ALU/nor_n.v'.
CRITICAL WARNING: [Project 1-19] Could not find the file 'C:/Users/ASUS/OneDrive/Desktop/temp_parth/CS39001-COA-Lab-2024-final_proj/CS39001-COA-Lab-2024-final_proj/final_project/ALU/not_n.v'.
CRITICAL WARNING: [Project 1-19] Could not find the file 'C:/Users/ASUS/OneDrive/Desktop/temp_parth/CS39001-COA-Lab-2024-final_proj/CS39001-COA-Lab-2024-final_proj/final_project/ALU/or_n.v'.
CRITICAL WARNING: [Project 1-19] Could not find the file 'C:/Users/ASUS/OneDrive/Desktop/temp_parth/CS39001-COA-Lab-2024-final_proj/CS39001-COA-Lab-2024-final_proj/final_project/program_counter.v'.
CRITICAL WARNING: [Project 1-19] Could not find the file 'C:/Users/ASUS/OneDrive/Desktop/temp_parth/CS39001-COA-Lab-2024-final_proj/CS39001-COA-Lab-2024-final_proj/final_project/program_counter_inc.v'.
CRITICAL WARNING: [Project 1-19] Could not find the file 'C:/Users/ASUS/OneDrive/Desktop/temp_parth/CS39001-COA-Lab-2024-final_proj/CS39001-COA-Lab-2024-final_proj/final_project/reg_bank.v'.
CRITICAL WARNING: [Project 1-19] Could not find the file 'C:/Users/ASUS/OneDrive/Desktop/temp_parth/CS39001-COA-Lab-2024-final_proj/CS39001-COA-Lab-2024-final_proj/final_project/sgn_extend.v'.
CRITICAL WARNING: [Project 1-19] Could not find the file 'C:/Users/ASUS/OneDrive/Desktop/temp_parth/CS39001-COA-Lab-2024-final_proj/CS39001-COA-Lab-2024-final_proj/final_project/ALU/sgt_n.v'.
CRITICAL WARNING: [Project 1-19] Could not find the file 'C:/Users/ASUS/OneDrive/Desktop/temp_parth/CS39001-COA-Lab-2024-final_proj/CS39001-COA-Lab-2024-final_proj/final_project/ALU/shift_left.v'.
CRITICAL WARNING: [Project 1-19] Could not find the file 'C:/Users/ASUS/OneDrive/Desktop/temp_parth/CS39001-COA-Lab-2024-final_proj/CS39001-COA-Lab-2024-final_proj/final_project/ALU/shift_right_ar.v'.
CRITICAL WARNING: [Project 1-19] Could not find the file 'C:/Users/ASUS/OneDrive/Desktop/temp_parth/CS39001-COA-Lab-2024-final_proj/CS39001-COA-Lab-2024-final_proj/final_project/ALU/shift_right_log.v'.
CRITICAL WARNING: [Project 1-19] Could not find the file 'C:/Users/ASUS/OneDrive/Desktop/temp_parth/CS39001-COA-Lab-2024-final_proj/CS39001-COA-Lab-2024-final_proj/final_project/ALU/slt_n.v'.
CRITICAL WARNING: [Project 1-19] Could not find the file 'C:/Users/ASUS/OneDrive/Desktop/temp_parth/CS39001-COA-Lab-2024-final_proj/CS39001-COA-Lab-2024-final_proj/final_project/ALU/subr_N.v'.
CRITICAL WARNING: [Project 1-19] Could not find the file 'C:/Users/ASUS/OneDrive/Desktop/temp_parth/CS39001-COA-Lab-2024-final_proj/CS39001-COA-Lab-2024-final_proj/final_project/ALU/xor_n.v'.
CRITICAL WARNING: [Project 1-19] Could not find the file 'C:/Users/ASUS/OneDrive/Desktop/temp_parth/CS39001-COA-Lab-2024-final_proj/CS39001-COA-Lab-2024-final_proj/final_project/processor_top.v'.
Scanning sources...
Finished scanning sources
INFO: [IP_Flow 19-234] Refreshing IP repositories
INFO: [IP_Flow 19-1704] No user IP repositories specified
INFO: [IP_Flow 19-2313] Loaded Vivado IP repository 'D:/Xilinx/Vivado/2022.2/data/ip'.
open_project: Time (s): cpu = 00:00:08 ; elapsed = 00:00:07 . Memory (MB): peak = 1150.695 ; gain = 232.445
update_compile_order -fileset sources_1
export_ip_user_files -of_objects  [get_files {{D:/Third Year/COA Lab/COA Final Shit/risc_parth/risc_parth.srcs/sources_1/ip/instruction_mem_rom/instruction_mem_rom.xci}}] -no_script -reset -force -quiet
remove_files  {{D:/Third Year/COA Lab/COA Final Shit/risc_parth/risc_parth.srcs/sources_1/ip/instruction_mem_rom/instruction_mem_rom.xci}}
file delete -force {D:/Third Year/COA Lab/COA Final Shit/risc_parth/risc_parth.srcs/sources_1/ip/instruction_mem_rom}
file delete -force {d:/Third Year/COA Lab/COA Final Shit/risc_parth/risc_parth.gen/sources_1/ip/instruction_mem_rom}
export_ip_user_files -of_objects  [get_files C:/Users/ASUS/OneDrive/Desktop/temp_parth/CS39001-COA-Lab-2024-final_proj/CS39001-COA-Lab-2024-final_proj/final_project/ALU/adder_N.v] -no_script -reset -force -quiet
export_ip_user_files -of_objects  [get_files C:/Users/ASUS/OneDrive/Desktop/temp_parth/CS39001-COA-Lab-2024-final_proj/CS39001-COA-Lab-2024-final_proj/final_project/alu_top.v] -no_script -reset -force -quiet
export_ip_user_files -of_objects  [get_files C:/Users/ASUS/OneDrive/Desktop/temp_parth/CS39001-COA-Lab-2024-final_proj/CS39001-COA-Lab-2024-final_proj/final_project/ALU/and_n.v] -no_script -reset -force -quiet
export_ip_user_files -of_objects  [get_files C:/Users/ASUS/OneDrive/Desktop/temp_parth/CS39001-COA-Lab-2024-final_proj/CS39001-COA-Lab-2024-final_proj/final_project/cond_branch.v] -no_script -reset -force -quiet
export_ip_user_files -of_objects  [get_files C:/Users/ASUS/OneDrive/Desktop/temp_parth/CS39001-COA-Lab-2024-final_proj/CS39001-COA-Lab-2024-final_proj/final_project/control.v] -no_script -reset -force -quiet
export_ip_user_files -of_objects  [get_files C:/Users/ASUS/OneDrive/Desktop/temp_parth/CS39001-COA-Lab-2024-final_proj/CS39001-COA-Lab-2024-final_proj/final_project/data_mem.v] -no_script -reset -force -quiet
export_ip_user_files -of_objects  [get_files C:/Users/ASUS/OneDrive/Desktop/temp_parth/CS39001-COA-Lab-2024-final_proj/CS39001-COA-Lab-2024-final_proj/final_project/ALU/full_adder.v] -no_script -reset -force -quiet
export_ip_user_files -of_objects  [get_files C:/Users/ASUS/OneDrive/Desktop/temp_parth/CS39001-COA-Lab-2024-final_proj/CS39001-COA-Lab-2024-final_proj/final_project/ALU/full_subr.v] -no_script -reset -force -quiet
export_ip_user_files -of_objects  [get_files C:/Users/ASUS/OneDrive/Desktop/temp_parth/CS39001-COA-Lab-2024-final_proj/CS39001-COA-Lab-2024-final_proj/final_project/ALU/half_adder.v] -no_script -reset -force -quiet
export_ip_user_files -of_objects  [get_files C:/Users/ASUS/OneDrive/Desktop/temp_parth/CS39001-COA-Lab-2024-final_proj/CS39001-COA-Lab-2024-final_proj/final_project/ALU/hamming32.v] -no_script -reset -force -quiet
export_ip_user_files -of_objects  [get_files C:/Users/ASUS/OneDrive/Desktop/temp_parth/CS39001-COA-Lab-2024-final_proj/CS39001-COA-Lab-2024-final_proj/final_project/instruction_mem.v] -no_script -reset -force -quiet
export_ip_user_files -of_objects  [get_files C:/Users/ASUS/OneDrive/Desktop/temp_parth/CS39001-COA-Lab-2024-final_proj/CS39001-COA-Lab-2024-final_proj/final_project/ALU/lui_n.v] -no_script -reset -force -quiet
export_ip_user_files -of_objects  [get_files C:/Users/ASUS/OneDrive/Desktop/temp_parth/CS39001-COA-Lab-2024-final_proj/CS39001-COA-Lab-2024-final_proj/final_project/ALU/mux_16_1.v] -no_script -reset -force -quiet
export_ip_user_files -of_objects  [get_files C:/Users/ASUS/OneDrive/Desktop/temp_parth/CS39001-COA-Lab-2024-final_proj/CS39001-COA-Lab-2024-final_proj/final_project/ALU/mux_2_1.v] -no_script -reset -force -quiet
export_ip_user_files -of_objects  [get_files C:/Users/ASUS/OneDrive/Desktop/temp_parth/CS39001-COA-Lab-2024-final_proj/CS39001-COA-Lab-2024-final_proj/final_project/ALU/mux_4_1.v] -no_script -reset -force -quiet
export_ip_user_files -of_objects  [get_files C:/Users/ASUS/OneDrive/Desktop/temp_parth/CS39001-COA-Lab-2024-final_proj/CS39001-COA-Lab-2024-final_proj/final_project/ALU/nor_n.v] -no_script -reset -force -quiet
export_ip_user_files -of_objects  [get_files C:/Users/ASUS/OneDrive/Desktop/temp_parth/CS39001-COA-Lab-2024-final_proj/CS39001-COA-Lab-2024-final_proj/final_project/ALU/not_n.v] -no_script -reset -force -quiet
export_ip_user_files -of_objects  [get_files C:/Users/ASUS/OneDrive/Desktop/temp_parth/CS39001-COA-Lab-2024-final_proj/CS39001-COA-Lab-2024-final_proj/final_project/ALU/or_n.v] -no_script -reset -force -quiet
export_ip_user_files -of_objects  [get_files C:/Users/ASUS/OneDrive/Desktop/temp_parth/CS39001-COA-Lab-2024-final_proj/CS39001-COA-Lab-2024-final_proj/final_project/processor_top.v] -no_script -reset -force -quiet
export_ip_user_files -of_objects  [get_files C:/Users/ASUS/OneDrive/Desktop/temp_parth/CS39001-COA-Lab-2024-final_proj/CS39001-COA-Lab-2024-final_proj/final_project/program_counter.v] -no_script -reset -force -quiet
export_ip_user_files -of_objects  [get_files C:/Users/ASUS/OneDrive/Desktop/temp_parth/CS39001-COA-Lab-2024-final_proj/CS39001-COA-Lab-2024-final_proj/final_project/program_counter_inc.v] -no_script -reset -force -quiet
export_ip_user_files -of_objects  [get_files C:/Users/ASUS/OneDrive/Desktop/temp_parth/CS39001-COA-Lab-2024-final_proj/CS39001-COA-Lab-2024-final_proj/final_project/reg_bank.v] -no_script -reset -force -quiet
export_ip_user_files -of_objects  [get_files C:/Users/ASUS/OneDrive/Desktop/temp_parth/CS39001-COA-Lab-2024-final_proj/CS39001-COA-Lab-2024-final_proj/final_project/sgn_extend.v] -no_script -reset -force -quiet
export_ip_user_files -of_objects  [get_files C:/Users/ASUS/OneDrive/Desktop/temp_parth/CS39001-COA-Lab-2024-final_proj/CS39001-COA-Lab-2024-final_proj/final_project/ALU/sgt_n.v] -no_script -reset -force -quiet
export_ip_user_files -of_objects  [get_files C:/Users/ASUS/OneDrive/Desktop/temp_parth/CS39001-COA-Lab-2024-final_proj/CS39001-COA-Lab-2024-final_proj/final_project/ALU/shift_left.v] -no_script -reset -force -quiet
export_ip_user_files -of_objects  [get_files C:/Users/ASUS/OneDrive/Desktop/temp_parth/CS39001-COA-Lab-2024-final_proj/CS39001-COA-Lab-2024-final_proj/final_project/ALU/shift_right_ar.v] -no_script -reset -force -quiet
export_ip_user_files -of_objects  [get_files C:/Users/ASUS/OneDrive/Desktop/temp_parth/CS39001-COA-Lab-2024-final_proj/CS39001-COA-Lab-2024-final_proj/final_project/ALU/shift_right_log.v] -no_script -reset -force -quiet
export_ip_user_files -of_objects  [get_files C:/Users/ASUS/OneDrive/Desktop/temp_parth/CS39001-COA-Lab-2024-final_proj/CS39001-COA-Lab-2024-final_proj/final_project/ALU/slt_n.v] -no_script -reset -force -quiet
export_ip_user_files -of_objects  [get_files C:/Users/ASUS/OneDrive/Desktop/temp_parth/CS39001-COA-Lab-2024-final_proj/CS39001-COA-Lab-2024-final_proj/final_project/ALU/subr_N.v] -no_script -reset -force -quiet
export_ip_user_files -of_objects  [get_files C:/Users/ASUS/OneDrive/Desktop/temp_parth/CS39001-COA-Lab-2024-final_proj/CS39001-COA-Lab-2024-final_proj/final_project/ALU/xor_n.v] -no_script -reset -force -quiet
remove_files  {C:/Users/ASUS/OneDrive/Desktop/temp_parth/CS39001-COA-Lab-2024-final_proj/CS39001-COA-Lab-2024-final_proj/final_project/ALU/adder_N.v C:/Users/ASUS/OneDrive/Desktop/temp_parth/CS39001-COA-Lab-2024-final_proj/CS39001-COA-Lab-2024-final_proj/final_project/alu_top.v C:/Users/ASUS/OneDrive/Desktop/temp_parth/CS39001-COA-Lab-2024-final_proj/CS39001-COA-Lab-2024-final_proj/final_project/ALU/and_n.v C:/Users/ASUS/OneDrive/Desktop/temp_parth/CS39001-COA-Lab-2024-final_proj/CS39001-COA-Lab-2024-final_proj/final_project/cond_branch.v C:/Users/ASUS/OneDrive/Desktop/temp_parth/CS39001-COA-Lab-2024-final_proj/CS39001-COA-Lab-2024-final_proj/final_project/control.v C:/Users/ASUS/OneDrive/Desktop/temp_parth/CS39001-COA-Lab-2024-final_proj/CS39001-COA-Lab-2024-final_proj/final_project/data_mem.v C:/Users/ASUS/OneDrive/Desktop/temp_parth/CS39001-COA-Lab-2024-final_proj/CS39001-COA-Lab-2024-final_proj/final_project/ALU/full_adder.v C:/Users/ASUS/OneDrive/Desktop/temp_parth/CS39001-COA-Lab-2024-final_proj/CS39001-COA-Lab-2024-final_proj/final_project/ALU/full_subr.v C:/Users/ASUS/OneDrive/Desktop/temp_parth/CS39001-COA-Lab-2024-final_proj/CS39001-COA-Lab-2024-final_proj/final_project/ALU/half_adder.v C:/Users/ASUS/OneDrive/Desktop/temp_parth/CS39001-COA-Lab-2024-final_proj/CS39001-COA-Lab-2024-final_proj/final_project/ALU/hamming32.v C:/Users/ASUS/OneDrive/Desktop/temp_parth/CS39001-COA-Lab-2024-final_proj/CS39001-COA-Lab-2024-final_proj/final_project/instruction_mem.v C:/Users/ASUS/OneDrive/Desktop/temp_parth/CS39001-COA-Lab-2024-final_proj/CS39001-COA-Lab-2024-final_proj/final_project/ALU/lui_n.v C:/Users/ASUS/OneDrive/Desktop/temp_parth/CS39001-COA-Lab-2024-final_proj/CS39001-COA-Lab-2024-final_proj/final_project/ALU/mux_16_1.v C:/Users/ASUS/OneDrive/Desktop/temp_parth/CS39001-COA-Lab-2024-final_proj/CS39001-COA-Lab-2024-final_proj/final_project/ALU/mux_2_1.v C:/Users/ASUS/OneDrive/Desktop/temp_parth/CS39001-COA-Lab-2024-final_proj/CS39001-COA-Lab-2024-final_proj/final_project/ALU/mux_4_1.v C:/Users/ASUS/OneDrive/Desktop/temp_parth/CS39001-COA-Lab-2024-final_proj/CS39001-COA-Lab-2024-final_proj/final_project/ALU/nor_n.v C:/Users/ASUS/OneDrive/Desktop/temp_parth/CS39001-COA-Lab-2024-final_proj/CS39001-COA-Lab-2024-final_proj/final_project/ALU/not_n.v C:/Users/ASUS/OneDrive/Desktop/temp_parth/CS39001-COA-Lab-2024-final_proj/CS39001-COA-Lab-2024-final_proj/final_project/ALU/or_n.v C:/Users/ASUS/OneDrive/Desktop/temp_parth/CS39001-COA-Lab-2024-final_proj/CS39001-COA-Lab-2024-final_proj/final_project/processor_top.v C:/Users/ASUS/OneDrive/Desktop/temp_parth/CS39001-COA-Lab-2024-final_proj/CS39001-COA-Lab-2024-final_proj/final_project/program_counter.v C:/Users/ASUS/OneDrive/Desktop/temp_parth/CS39001-COA-Lab-2024-final_proj/CS39001-COA-Lab-2024-final_proj/final_project/program_counter_inc.v C:/Users/ASUS/OneDrive/Desktop/temp_parth/CS39001-COA-Lab-2024-final_proj/CS39001-COA-Lab-2024-final_proj/final_project/reg_bank.v C:/Users/ASUS/OneDrive/Desktop/temp_parth/CS39001-COA-Lab-2024-final_proj/CS39001-COA-Lab-2024-final_proj/final_project/sgn_extend.v C:/Users/ASUS/OneDrive/Desktop/temp_parth/CS39001-COA-Lab-2024-final_proj/CS39001-COA-Lab-2024-final_proj/final_project/ALU/sgt_n.v C:/Users/ASUS/OneDrive/Desktop/temp_parth/CS39001-COA-Lab-2024-final_proj/CS39001-COA-Lab-2024-final_proj/final_project/ALU/shift_left.v C:/Users/ASUS/OneDrive/Desktop/temp_parth/CS39001-COA-Lab-2024-final_proj/CS39001-COA-Lab-2024-final_proj/final_project/ALU/shift_right_ar.v C:/Users/ASUS/OneDrive/Desktop/temp_parth/CS39001-COA-Lab-2024-final_proj/CS39001-COA-Lab-2024-final_proj/final_project/ALU/shift_right_log.v C:/Users/ASUS/OneDrive/Desktop/temp_parth/CS39001-COA-Lab-2024-final_proj/CS39001-COA-Lab-2024-final_proj/final_project/ALU/slt_n.v C:/Users/ASUS/OneDrive/Desktop/temp_parth/CS39001-COA-Lab-2024-final_proj/CS39001-COA-Lab-2024-final_proj/final_project/ALU/subr_N.v C:/Users/ASUS/OneDrive/Desktop/temp_parth/CS39001-COA-Lab-2024-final_proj/CS39001-COA-Lab-2024-final_proj/final_project/ALU/xor_n.v}
exit
INFO: [Common 17-206] Exiting Vivado at Wed Oct 30 02:21:03 2024...
