Time resolution is 1 ps
op1 = xxxxxxxxxxxxxxxxxxxxxxxxxxxxxxxx, op2 = xxxxxxxxxxxxxxxxxxxxxxxxxxxxxxxx, Write = xxxxxxxxxxxxxxxxxxxxxxxxxxxxxxxx, Opcode = xxxx
R0 = 00000000000000000000000000000000
R1 = xxxxxxxxxxxxxxxxxxxxxxxxxxxxxxxx
R2 = 00000000000000000000000000000100
R3 = 00000000000000000000000000110010
R4 = xxxxxxxxxxxxxxxxxxxxxxxxxxxxxxxx
R5 = 00000000000000000000000000000100
R6 = xxxxxxxxxxxxxxxxxxxxxxxxxxxxxxxx
R7 = xxxxxxxxxxxxxxxxxxxxxxxxxxxxxxxx
op1 = 00000000000000000000000000000100, op2 = 00000000000000000000000000110010, Write = 00000000000000000000000000110110, Opcode = 0000
R1 = 00000000000000000000000000110110
op1 = 00000000000000000000000000110110, op2 = 00000000000000000000000000000100, Write = 00000000000000000000000000110010, Opcode = 0001
R4 = 00000000000000000000000000110010
op1 = 00000000000000000000000000110110, op2 = 00000000000000000000000000000100, Write = 00000000000000000000001101100000, Opcode = 1010
R2 = 00000000000000000000001101100000
op1 = 00000000000000000000000000110110, op2 = 00000000000000000000001101100000, Write = 00000000000000000000000000000000, Opcode = 1011
R7 = 00000000000000000000000000000000
op1 = 00000000000000000000000000110110, op2 = 00000000000000000000001101100000, Write = 00000000000000001011011001000000, Opcode = 0010
R6 = 00000000000000001011011001000000
op1 = 00000000000000000000000000110110, op2 = 00000000000000000000001101100000, Write = 00000000000000000000000000100000, Opcode = 0100
R1 = 00000000000000000000000000100000
op1 = 00000000000000000000001101100000, op2 = 00000000000000000000000000000000, Write = 00000000000000000000001101100000, Opcode = 0000
R3 = 00000000000000000000001101100000
op1 = 00000000000000000000000000000000, op2 = 00000000000000000000000000000000, Write = 00000000000000000000000000000000, Opcode = 0000
R6 = 00000000000000000000000000000000
$finish called at time : 82 ns : File "D:/Third Year/COA Lab/ALU Design 1/GRP7_KALU_1/ALU_Design_2.srcs/sim_1/new/master_tb.v" Line 52
