Time resolution is 1 ps
                   0reg[1]: xxxxxxxxxxxxxxxxxxxxxxxxxxxxxxxx
                   0reg[2]: xxxxxxxxxxxxxxxxxxxxxxxxxxxxxxxx
                   0reg[3]: xxxxxxxxxxxxxxxxxxxxxxxxxxxxxxxx
                   0reg[4]: xxxxxxxxxxxxxxxxxxxxxxxxxxxxxxxx
                   0reg[5]: xxxxxxxxxxxxxxxxxxxxxxxxxxxxxxxx
                   0reg[6]: xxxxxxxxxxxxxxxxxxxxxxxxxxxxxxxx
                   0reg[7]: xxxxxxxxxxxxxxxxxxxxxxxxxxxxxxxx
                   0reg[8]: xxxxxxxxxxxxxxxxxxxxxxxxxxxxxxxx
                   0reg[9]: xxxxxxxxxxxxxxxxxxxxxxxxxxxxxxxx
                   0reg[10]: xxxxxxxxxxxxxxxxxxxxxxxxxxxxxxxx
                   0reg[11]: xxxxxxxxxxxxxxxxxxxxxxxxxxxxxxxx
                   0reg[12]: xxxxxxxxxxxxxxxxxxxxxxxxxxxxxxxx
                   0reg[13]: xxxxxxxxxxxxxxxxxxxxxxxxxxxxxxxx
                   0reg[14]: xxxxxxxxxxxxxxxxxxxxxxxxxxxxxxxx
                   0reg[15]: xxxxxxxxxxxxxxxxxxxxxxxxxxxxxxxx
                   0display_src: 00010, to_display: xxxxxxxxxxxxxxxxxxxxxxxxxxxxxxxx
disp: xxxxxxxxxxxxxxxx
                   1reg[1]: 00000000000000000000000000000000
                   1reg[2]: 00000000000000000000000000000000
                   1reg[3]: 00000000000000000000000000000000
                   1reg[4]: 00000000000000000000000000000000
                   1reg[5]: 00000000000000000000000000000000
                   1reg[6]: 00000000000000000000000000000000
                   1reg[7]: 00000000000000000000000000000000
                   1reg[8]: 00000000000000000000000000000000
                   1reg[9]: 00000000000000000000000000000000
                   1reg[10]: 00000000000000000000000000000000
                   1reg[11]: 00000000000000000000000000000000
                   1reg[12]: 00000000000000000000000000000000
                   1reg[13]: 00000000000000000000000000000000
                   1reg[14]: 00000000000000000000000000000000
                   1reg[15]: 00000000000000000000000000000000
                   1display_src: 00010, to_display: 00000000000000000000000000000000
disp: 0000000011001000
                  19reg[1]: 00000000000000000000000000000001
                  31reg[4]: 00000000000000000000000000000001
                  67reg[3]: 00000000000000000000000011001000
                  91reg[5]: 00000000000000000000000000000001
                 103reg[4]: 00000000000000000000000000000000
                 139reg[1]: 00000000000000000000000000000010
                 163reg[4]: 00000000000000000000000000000001
                 187reg[2]: 00000000000000000000000000000001
                 187display_src: 00010, to_display: 00000000000000000000000000000001
                 199reg[3]: 11111111111111111111111111110100
                 223reg[5]: 00000000000000000000000011001000
                 271reg[2]: 00000000000000000000000000000000
                 271display_src: 00010, to_display: 00000000000000000000000000000000
                 307reg[5]: 00000000000000000000000000000001
disp: 0000000000000001
                 355reg[2]: 11111111111111111111111111111111
                 355display_src: 00010, to_display: 11111111111111111111111111111111
                 403reg[1]: 00000000000000000000000000000011
                 451reg[2]: 00000000000000000000000000000010
                 451display_src: 00010, to_display: 00000000000000000000000000000010
                 463reg[3]: 11111111111111111111111111110010
                 487reg[5]: 00000000000000000000000011001000
                 535reg[2]: 00000000000000000000000000000001
                 535display_src: 00010, to_display: 00000000000000000000000000000001
                 571reg[5]: 00000000000000000000000000000001
                 619reg[2]: 00000000000000000000000000000000
                 619display_src: 00010, to_display: 00000000000000000000000000000000
                 655reg[5]: 11111111111111111111111111110100
disp: 1111111111110100
                 703reg[2]: 11111111111111111111111111111111
                 703display_src: 00010, to_display: 11111111111111111111111111111111
                 751reg[1]: 00000000000000000000000000000100
                 799reg[2]: 00000000000000000000000000000011
                 799display_src: 00010, to_display: 00000000000000000000000000000011
                 811reg[3]: 11111111111111111111111111110100
                 835reg[5]: 00000000000000000000000011001000
                 883reg[2]: 00000000000000000000000000000010
                 883display_src: 00010, to_display: 00000000000000000000000000000010
                 919reg[5]: 00000000000000000000000000000001
                 967reg[2]: 00000000000000000000000000000001
                 967display_src: 00010, to_display: 00000000000000000000000000000001
                1003reg[5]: 11111111111111111111111111110100
                1015reg[4]: 00000000000000000000000000000000
                1051reg[1]: 00000000000000000000000000000101
                1075reg[4]: 00000000000000000000000000000001
                1099reg[2]: 00000000000000000000000000000100
                1099display_src: 00010, to_display: 00000000000000000000000000000100
                1111reg[3]: 00000000000000000000000000000000
                1135reg[5]: 00000000000000000000000011001000
                1183reg[2]: 00000000000000000000000000000011
                1183display_src: 00010, to_display: 00000000000000000000000000000011
                1219reg[5]: 00000000000000000000000000000001
                1267reg[2]: 00000000000000000000000000000010
                1267display_src: 00010, to_display: 00000000000000000000000000000010
                1303reg[5]: 11111111111111111111111111110100
                1315reg[4]: 00000000000000000000000000000000
                1351reg[1]: 00000000000000000000000000000110
                1375reg[4]: 00000000000000000000000000000001
                1399reg[2]: 00000000000000000000000000000101
                1399display_src: 00010, to_display: 00000000000000000000000000000101
                1411reg[3]: 00000000000000000000001101010111
                1435reg[5]: 00000000000000000000000011001000
                1447reg[4]: 00000000000000000000000000000000
                1483reg[1]: 00000000000000000000000000000111
                1507reg[4]: 00000000000000000000000000000001
                1531reg[2]: 00000000000000000000000000000110
                1531display_src: 00010, to_display: 00000000000000000000000000000110
                1543reg[3]: 00000000000000000000101011111000
                1567reg[5]: 00000000000000000000001101010111
                1579reg[4]: 00000000000000000000000000000000
                1615reg[1]: 00000000000000000000000000001000
                1639reg[4]: 00000000000000000000000000000001
                1663reg[2]: 00000000000000000000000000000111
                1663display_src: 00010, to_display: 00000000000000000000000000000111
                1675reg[3]: 00000000000000000000000001100101
                1699reg[5]: 00000000000000000000101011111000
                1747reg[2]: 00000000000000000000000000000110
                1747display_src: 00010, to_display: 00000000000000000000000000000110
                1783reg[5]: 00000000000000000000001101010111
                1831reg[2]: 00000000000000000000000000000101
                1831display_src: 00010, to_display: 00000000000000000000000000000101
                1867reg[5]: 00000000000000000000000011001000
                1915reg[2]: 00000000000000000000000000000100
                1915display_src: 00010, to_display: 00000000000000000000000000000100
                1951reg[5]: 00000000000000000000000000000001
                1963reg[4]: 00000000000000000000000000000000
                1999reg[1]: 00000000000000000000000000001001
                2023reg[4]: 00000000000000000000000000000001
                2047reg[2]: 00000000000000000000000000001000
                2047display_src: 00010, to_display: 00000000000000000000000000001000
                2059reg[3]: 00000000000000000000000000000001
                2083reg[5]: 00000000000000000000101011111000
                2131reg[2]: 00000000000000000000000000000111
                2131display_src: 00010, to_display: 00000000000000000000000000000111
                2167reg[5]: 00000000000000000000001101010111
                2215reg[2]: 00000000000000000000000000000110
                2215display_src: 00010, to_display: 00000000000000000000000000000110
                2251reg[5]: 00000000000000000000000011001000
                2299reg[2]: 00000000000000000000000000000101
                2299display_src: 00010, to_display: 00000000000000000000000000000101
                2335reg[5]: 00000000000000000000000001100101
                2383reg[2]: 00000000000000000000000000000100
                2383display_src: 00010, to_display: 00000000000000000000000000000100
                2419reg[5]: 00000000000000000000000000000001
                2431reg[4]: 00000000000000000000000000000000
                2467reg[1]: 00000000000000000000000000001010
                2491reg[4]: 00000000000000000000000000000001
                2515reg[2]: 00000000000000000000000000001001
                2515display_src: 00010, to_display: 00000000000000000000000000001001
                2527reg[3]: xxxxxxxxxxxxxxxxxxxxxxxxxxxxxxxx
                2551reg[5]: 00000000000000000000101011111000
                2563reg[4]: 0000000000000000000000000000000x
